2015-05-01 09:54:37.176+0000 WARN  [o.n.k.i.JvmChecker]: You are using an unsupported version of the Java runtime. Please use Oracle(R) Java(TM) Runtime Environment 7 or OpenJDK(TM) 7.
2015-05-01 09:54:37.220+0000 INFO  [o.n.s.CommunityNeoServer]: Setting startup timeout to: 120000ms based on 120000
2015-05-01 09:54:37.319+0000 WARN  [o.n.k.EmbeddedGraphDatabase]: You are using an unsupported version of the Java runtime. Please use Oracle(R) Java(TM) Runtime Environment 7 or OpenJDK(TM) 7.
2015-05-01 09:54:37.496+0000 INFO  [o.n.k.InternalAbstractGraphDatabase]: No locking implementation specified, defaulting to 'community'
2015-05-01 09:54:37.645+0000 INFO  [o.n.k.i.DiagnosticsManager]: --- INITIALIZED diagnostics START ---
2015-05-01 09:54:37.646+0000 INFO  [o.n.k.i.DiagnosticsManager]: Neo4j Kernel properties:
2015-05-01 09:54:37.648+0000 INFO  [o.n.k.i.DiagnosticsManager]: remote_shell_enabled=true
2015-05-01 09:54:37.648+0000 INFO  [o.n.k.i.DiagnosticsManager]: store_dir=/Users/anuragkapur/tech-stuff/servers/neo4j/neo4j-community-2.2.1/data/graph.db
2015-05-01 09:54:37.649+0000 INFO  [o.n.k.i.DiagnosticsManager]: Diagnostics providers:
2015-05-01 09:54:37.649+0000 INFO  [o.n.k.i.DiagnosticsManager]: org.neo4j.kernel.configuration.Config
2015-05-01 09:54:37.649+0000 INFO  [o.n.k.i.DiagnosticsManager]: org.neo4j.kernel.info.DiagnosticsManager
2015-05-01 09:54:37.649+0000 INFO  [o.n.k.i.DiagnosticsManager]: SYSTEM_MEMORY
2015-05-01 09:54:37.649+0000 INFO  [o.n.k.i.DiagnosticsManager]: JAVA_MEMORY
2015-05-01 09:54:37.649+0000 INFO  [o.n.k.i.DiagnosticsManager]: OPERATING_SYSTEM
2015-05-01 09:54:37.649+0000 INFO  [o.n.k.i.DiagnosticsManager]: JAVA_VIRTUAL_MACHINE
2015-05-01 09:54:37.649+0000 INFO  [o.n.k.i.DiagnosticsManager]: CLASSPATH
2015-05-01 09:54:37.649+0000 INFO  [o.n.k.i.DiagnosticsManager]: LIBRARY_PATH
2015-05-01 09:54:37.649+0000 INFO  [o.n.k.i.DiagnosticsManager]: SYSTEM_PROPERTIES
2015-05-01 09:54:37.649+0000 INFO  [o.n.k.i.DiagnosticsManager]: NETWORK
2015-05-01 09:54:37.649+0000 INFO  [o.n.k.i.DiagnosticsManager]: System memory information:
2015-05-01 09:54:37.651+0000 INFO  [o.n.k.i.DiagnosticsManager]: Total Physical memory: 16.00 GB
2015-05-01 09:54:37.652+0000 INFO  [o.n.k.i.DiagnosticsManager]: Free Physical memory: 669.15 MB
2015-05-01 09:54:37.652+0000 INFO  [o.n.k.i.DiagnosticsManager]: Committed virtual memory: 7.79 GB
2015-05-01 09:54:37.652+0000 INFO  [o.n.k.i.DiagnosticsManager]: Total swap space: 0.00 B
2015-05-01 09:54:37.653+0000 INFO  [o.n.k.i.DiagnosticsManager]: Free swap space: 0.00 B
2015-05-01 09:54:37.653+0000 INFO  [o.n.k.i.DiagnosticsManager]: JVM memory information:
2015-05-01 09:54:37.653+0000 INFO  [o.n.k.i.DiagnosticsManager]: Free  memory: 144.64 MB
2015-05-01 09:54:37.655+0000 INFO  [o.n.k.i.DiagnosticsManager]: Total memory: 247.50 MB
2015-05-01 09:54:37.655+0000 INFO  [o.n.k.i.DiagnosticsManager]: Max   memory: 3.97 GB
2015-05-01 09:54:37.660+0000 INFO  [o.n.k.i.DiagnosticsManager]: Garbage Collector: ParNew: [Par Eden Space, Par Survivor Space]
2015-05-01 09:54:37.660+0000 INFO  [o.n.k.i.DiagnosticsManager]: Garbage Collector: ConcurrentMarkSweep: [Par Eden Space, Par Survivor Space, CMS Old Gen]
2015-05-01 09:54:37.661+0000 INFO  [o.n.k.i.DiagnosticsManager]: Memory Pool: Code Cache (Non-heap memory): committed=3.50 MB, used=3.43 MB, max=240.00 MB, threshold=0.00 B
2015-05-01 09:54:37.662+0000 INFO  [o.n.k.i.DiagnosticsManager]: Memory Pool: Metaspace (Non-heap memory): committed=13.00 MB, used=12.62 MB, max=-1.00 B, threshold=0.00 B
2015-05-01 09:54:37.663+0000 INFO  [o.n.k.i.DiagnosticsManager]: Memory Pool: Compressed Class Space (Non-heap memory): committed=1.75 MB, used=1.67 MB, max=1.00 GB, threshold=0.00 B
2015-05-01 09:54:37.663+0000 INFO  [o.n.k.i.DiagnosticsManager]: Memory Pool: Par Eden Space (Heap memory): committed=68.31 MB, used=3.16 MB, max=266.25 MB, threshold=?
2015-05-01 09:54:37.663+0000 INFO  [o.n.k.i.DiagnosticsManager]: Memory Pool: Par Survivor Space (Heap memory): committed=8.50 MB, used=8.50 MB, max=33.25 MB, threshold=?
2015-05-01 09:54:37.664+0000 INFO  [o.n.k.i.DiagnosticsManager]: Memory Pool: CMS Old Gen (Heap memory): committed=170.69 MB, used=91.19 MB, max=3.68 GB, threshold=0.00 B
2015-05-01 09:54:37.664+0000 INFO  [o.n.k.i.DiagnosticsManager]: Operating system information:
2015-05-01 09:54:37.665+0000 INFO  [o.n.k.i.DiagnosticsManager]: Operating System: Mac OS X; version: 10.10.3; arch: x86_64; cpus: 4
2015-05-01 09:54:37.666+0000 INFO  [o.n.k.i.DiagnosticsManager]: Max number of file descriptors: 10240
2015-05-01 09:54:37.666+0000 INFO  [o.n.k.i.DiagnosticsManager]: Number of open file descriptors: 89
2015-05-01 09:54:37.666+0000 INFO  [o.n.k.i.DiagnosticsManager]: Process id: 14413@ak-skynet
2015-05-01 09:54:37.666+0000 INFO  [o.n.k.i.DiagnosticsManager]: Byte order: LITTLE_ENDIAN
2015-05-01 09:54:37.666+0000 INFO  [o.n.k.i.DiagnosticsManager]: Local timezone: Europe/London
2015-05-01 09:54:37.666+0000 INFO  [o.n.k.i.DiagnosticsManager]: JVM information:
2015-05-01 09:54:37.666+0000 INFO  [o.n.k.i.DiagnosticsManager]: VM Name: Java HotSpot(TM) 64-Bit Server VM
2015-05-01 09:54:37.666+0000 INFO  [o.n.k.i.DiagnosticsManager]: VM Vendor: Oracle Corporation
2015-05-01 09:54:37.666+0000 INFO  [o.n.k.i.DiagnosticsManager]: VM Version: 25.45-b02
2015-05-01 09:54:37.667+0000 INFO  [o.n.k.i.DiagnosticsManager]: JIT compiler: HotSpot 64-Bit Tiered Compilers
2015-05-01 09:54:37.667+0000 INFO  [o.n.k.i.DiagnosticsManager]: VM Arguments: [-XX:+DisableExplicitGC, -Dorg.neo4j.server.properties=conf/neo4j-server.properties, -Djava.util.logging.config.file=conf/logging.properties, -Dlog4j.configuration=file:conf/log4j.properties, -XX:+UseConcMarkSweepGC, -XX:+CMSClassUnloadingEnabled, -XX:-OmitStackTraceInFastThrow, -XX:hashCode=5, -Dneo4j.ext.udc.source=tarball, -Dneo4j.home=/Users/anuragkapur/tech-stuff/servers/neo4j/neo4j-community-2.2.1, -Dneo4j.instance=/Users/anuragkapur/tech-stuff/servers/neo4j/neo4j-community-2.2.1, -Dfile.encoding=UTF-8]
2015-05-01 09:54:37.668+0000 INFO  [o.n.k.i.DiagnosticsManager]: Java classpath:
2015-05-01 09:54:37.669+0000 INFO  [o.n.k.i.DiagnosticsManager]:  [loader.1] file:/Library/Java/JavaVirtualMachines/jdk1.8.0_45.jdk/Contents/Home/jre/lib/ext/cldrdata.jar
2015-05-01 09:54:37.670+0000 INFO  [o.n.k.i.DiagnosticsManager]:  [classpath + loader.0] file:/Users/anuragkapur/tech-stuff/servers/neo4j/neo4j-community-2.2.1/system/lib/commons-lang-2.6.jar
2015-05-01 09:54:37.670+0000 INFO  [o.n.k.i.DiagnosticsManager]:  [classpath + loader.0] file:/Users/anuragkapur/tech-stuff/servers/neo4j/neo4j-community-2.2.1/system/lib/jsr311-api-1.1.2.r612.jar
2015-05-01 09:54:37.670+0000 INFO  [o.n.k.i.DiagnosticsManager]:  [classpath + loader.0] file:/Users/anuragkapur/tech-stuff/servers/neo4j/neo4j-community-2.2.1/lib/neo4j-jmx-2.2.1.jar
2015-05-01 09:54:37.670+0000 INFO  [o.n.k.i.DiagnosticsManager]:  [classpath + loader.0] file:/Users/anuragkapur/tech-stuff/servers/neo4j/neo4j-community-2.2.1/lib/neo4j-cypher-compiler-2.1-2.1.7.jar
2015-05-01 09:54:37.670+0000 INFO  [o.n.k.i.DiagnosticsManager]:  [classpath + loader.0] file:/Users/anuragkapur/tech-stuff/servers/neo4j/neo4j-community-2.2.1/system/lib/bcprov-jdk16-140.jar
2015-05-01 09:54:37.670+0000 INFO  [o.n.k.i.DiagnosticsManager]:  [classpath + loader.0] file:/Users/anuragkapur/tech-stuff/servers/neo4j/neo4j-community-2.2.1/conf/
2015-05-01 09:54:37.670+0000 INFO  [o.n.k.i.DiagnosticsManager]:  [classpath + loader.0] file:/Users/anuragkapur/tech-stuff/servers/neo4j/neo4j-community-2.2.1/lib/lucene-core-3.6.2.jar
2015-05-01 09:54:37.670+0000 INFO  [o.n.k.i.DiagnosticsManager]:  [classpath + loader.0] file:/Users/anuragkapur/tech-stuff/servers/neo4j/neo4j-community-2.2.1/system/lib/janino-2.6.1.jar
2015-05-01 09:54:37.670+0000 INFO  [o.n.k.i.DiagnosticsManager]:  [classpath + loader.0] file:/Users/anuragkapur/tech-stuff/servers/neo4j/neo4j-community-2.2.1/system/lib/commons-logging-1.1.1.jar
2015-05-01 09:54:37.670+0000 INFO  [o.n.k.i.DiagnosticsManager]:  [classpath + loader.0] file:/Users/anuragkapur/tech-stuff/servers/neo4j/neo4j-community-2.2.1/system/lib/neo4j-server-2.2.1.jar
2015-05-01 09:54:37.670+0000 INFO  [o.n.k.i.DiagnosticsManager]:  [classpath + loader.0] file:/Users/anuragkapur/tech-stuff/servers/neo4j/neo4j-community-2.2.1/system/lib/jersey-multipart-1.18.1.jar
2015-05-01 09:54:37.670+0000 INFO  [o.n.k.i.DiagnosticsManager]:  [classpath + loader.0] file:/Users/anuragkapur/tech-stuff/servers/neo4j/neo4j-community-2.2.1/system/lib/commons-digester-2.1.jar
2015-05-01 09:54:37.670+0000 INFO  [o.n.k.i.DiagnosticsManager]:  [loader.1] file:/Library/Java/JavaVirtualMachines/jdk1.8.0_45.jdk/Contents/Home/jre/lib/ext/jfxrt.jar
2015-05-01 09:54:37.670+0000 INFO  [o.n.k.i.DiagnosticsManager]:  [bootstrap] /Library/Java/JavaVirtualMachines/jdk1.8.0_45.jdk/Contents/Home/jre/classes
2015-05-01 09:54:37.670+0000 INFO  [o.n.k.i.DiagnosticsManager]:  [bootstrap] /Library/Java/JavaVirtualMachines/jdk1.8.0_45.jdk/Contents/Home/jre/lib/resources.jar
2015-05-01 09:54:37.670+0000 INFO  [o.n.k.i.DiagnosticsManager]:  [classpath + loader.0] file:/Users/anuragkapur/tech-stuff/servers/neo4j/neo4j-community-2.2.1/system/lib/commons-configuration-1.10.jar
2015-05-01 09:54:37.670+0000 INFO  [o.n.k.i.DiagnosticsManager]:  [classpath + loader.0] file:/Users/anuragkapur/tech-stuff/servers/neo4j/neo4j-community-2.2.1/system/lib/jersey-servlet-1.18.1.jar
2015-05-01 09:54:37.670+0000 INFO  [o.n.k.i.DiagnosticsManager]:  [bootstrap] /Library/Java/JavaVirtualMachines/jdk1.8.0_45.jdk/Contents/Home/jre/lib/jce.jar
2015-05-01 09:54:37.670+0000 INFO  [o.n.k.i.DiagnosticsManager]:  [classpath + loader.0] file:/Users/anuragkapur/tech-stuff/servers/neo4j/neo4j-community-2.2.1/lib/parboiled-scala_2.10-1.1.7.jar
2015-05-01 09:54:37.670+0000 INFO  [o.n.k.i.DiagnosticsManager]:  [loader.1] file:/System/Library/Java/Extensions/j3daudio.jar
2015-05-01 09:54:37.670+0000 INFO  [o.n.k.i.DiagnosticsManager]:  [classpath + loader.0] file:/Users/anuragkapur/tech-stuff/servers/neo4j/neo4j-community-2.2.1/lib/neo4j-lucene-index-2.2.1.jar
2015-05-01 09:54:37.670+0000 INFO  [o.n.k.i.DiagnosticsManager]:  [loader.1] file:/System/Library/Java/Extensions/j3dutils.jar
2015-05-01 09:54:37.670+0000 INFO  [o.n.k.i.DiagnosticsManager]:  [loader.1] file:/System/Library/Java/Extensions/jai_codec.jar
2015-05-01 09:54:37.670+0000 INFO  [o.n.k.i.DiagnosticsManager]:  [classpath + loader.0] file:/Users/anuragkapur/tech-stuff/servers/neo4j/neo4j-community-2.2.1/system/lib/commons-io-2.4.jar
2015-05-01 09:54:37.671+0000 INFO  [o.n.k.i.DiagnosticsManager]:  [classpath + loader.0] file:/Users/anuragkapur/tech-stuff/servers/neo4j/neo4j-community-2.2.1/lib/neo4j-cypher-compiler-2.0-2.0.4.jar
2015-05-01 09:54:37.671+0000 INFO  [o.n.k.i.DiagnosticsManager]:  [classpath + loader.0] file:/Users/anuragkapur/tech-stuff/servers/neo4j/neo4j-community-2.2.1/system/lib/commons-compiler-2.6.1.jar
2015-05-01 09:54:37.671+0000 INFO  [o.n.k.i.DiagnosticsManager]:  [classpath + loader.0] file:/Users/anuragkapur/tech-stuff/servers/neo4j/neo4j-community-2.2.1/lib/neo4j-kernel-2.2.1.jar
2015-05-01 09:54:37.671+0000 INFO  [o.n.k.i.DiagnosticsManager]:  [classpath + loader.0] file:/Users/anuragkapur/tech-stuff/servers/neo4j/neo4j-community-2.2.1/system/lib/logback-access-1.1.2.jar
2015-05-01 09:54:37.671+0000 INFO  [o.n.k.i.DiagnosticsManager]:  [loader.1] file:/Library/Java/JavaVirtualMachines/jdk1.8.0_45.jdk/Contents/Home/jre/lib/ext/sunjce_provider.jar
2015-05-01 09:54:37.671+0000 INFO  [o.n.k.i.DiagnosticsManager]:  [loader.1] file:/System/Library/Java/Extensions/libmlib_jai.jnilib
2015-05-01 09:54:37.671+0000 INFO  [o.n.k.i.DiagnosticsManager]:  [classpath + loader.0] file:/Users/anuragkapur/tech-stuff/servers/neo4j/neo4j-community-2.2.1/lib/neo4j-consistency-check-2.2.1.jar
2015-05-01 09:54:37.671+0000 INFO  [o.n.k.i.DiagnosticsManager]:  [classpath + loader.0] file:/Users/anuragkapur/tech-stuff/servers/neo4j/neo4j-community-2.2.1/lib/neo4j-cypher-compiler-1.9-2.0.4.jar
2015-05-01 09:54:37.671+0000 INFO  [o.n.k.i.DiagnosticsManager]:  [bootstrap] /Library/Java/JavaVirtualMachines/jdk1.8.0_45.jdk/Contents/Home/jre/lib/charsets.jar
2015-05-01 09:54:37.671+0000 INFO  [o.n.k.i.DiagnosticsManager]:  [classpath + loader.0] file:/Users/anuragkapur/tech-stuff/servers/neo4j/neo4j-community-2.2.1/lib/neo4j-cypher-compiler-2.2-2.2.1.jar
2015-05-01 09:54:37.671+0000 INFO  [o.n.k.i.DiagnosticsManager]:  [loader.1] file:/Library/Java/JavaVirtualMachines/jdk1.8.0_45.jdk/Contents/Home/jre/lib/ext/sunpkcs11.jar
2015-05-01 09:54:37.671+0000 INFO  [o.n.k.i.DiagnosticsManager]:  [loader.1] file:/System/Library/Java/Extensions/libJ3DAudio.jnilib
2015-05-01 09:54:37.671+0000 INFO  [o.n.k.i.DiagnosticsManager]:  [classpath + loader.0] file:/Users/anuragkapur/tech-stuff/servers/neo4j/neo4j-community-2.2.1/system/lib/jetty-util-9.2.4.v20141103.jar
2015-05-01 09:54:37.671+0000 INFO  [o.n.k.i.DiagnosticsManager]:  [classpath + loader.0] file:/Users/anuragkapur/tech-stuff/servers/neo4j/neo4j-community-2.2.1/lib/opencsv-2.3.jar
2015-05-01 09:54:37.671+0000 INFO  [o.n.k.i.DiagnosticsManager]:  [bootstrap] /Library/Java/JavaVirtualMachines/jdk1.8.0_45.jdk/Contents/Home/jre/lib/rt.jar
2015-05-01 09:54:37.671+0000 INFO  [o.n.k.i.DiagnosticsManager]:  [classpath + loader.0] file:/Users/anuragkapur/tech-stuff/servers/neo4j/neo4j-community-2.2.1/system/lib/logback-core-1.1.2.jar
2015-05-01 09:54:37.671+0000 INFO  [o.n.k.i.DiagnosticsManager]:  [classpath + loader.0] file:/Users/anuragkapur/tech-stuff/servers/neo4j/neo4j-community-2.2.1/system/lib/mimepull-1.9.3.jar
2015-05-01 09:54:37.671+0000 INFO  [o.n.k.i.DiagnosticsManager]:  [loader.1] file:/System/Library/Java/Extensions/jai_core.jar
2015-05-01 09:54:37.671+0000 INFO  [o.n.k.i.DiagnosticsManager]:  [bootstrap] /Library/Java/JavaVirtualMachines/jdk1.8.0_45.jdk/Contents/Home/jre/lib/sunrsasign.jar
2015-05-01 09:54:37.671+0000 INFO  [o.n.k.i.DiagnosticsManager]:  [classpath + loader.0] file:/Users/anuragkapur/tech-stuff/servers/neo4j/neo4j-community-2.2.1/system/lib/jetty-server-9.2.4.v20141103.jar
2015-05-01 09:54:37.671+0000 INFO  [o.n.k.i.DiagnosticsManager]:  [classpath + loader.0] file:/Users/anuragkapur/tech-stuff/servers/neo4j/neo4j-community-2.2.1/system/lib/jcl-over-slf4j-1.7.7.jar
2015-05-01 09:54:37.671+0000 INFO  [o.n.k.i.DiagnosticsManager]:  [classpath + loader.0] file:/Users/anuragkapur/tech-stuff/servers/neo4j/neo4j-community-2.2.1/system/lib/logback-classic-1.1.2.jar
2015-05-01 09:54:37.671+0000 INFO  [o.n.k.i.DiagnosticsManager]:  [classpath + loader.0] file:/Users/anuragkapur/tech-stuff/servers/neo4j/neo4j-community-2.2.1/lib/neo4j-graph-matching-2.2.1.jar
2015-05-01 09:54:37.671+0000 INFO  [o.n.k.i.DiagnosticsManager]:  [loader.1] file:/Library/Java/JavaVirtualMachines/jdk1.8.0_45.jdk/Contents/Home/jre/lib/ext/sunec.jar
2015-05-01 09:54:37.671+0000 INFO  [o.n.k.i.DiagnosticsManager]:  [classpath + loader.0] file:/Users/anuragkapur/tech-stuff/servers/neo4j/neo4j-community-2.2.1/lib/neo4j-unsafe-2.2.1.jar
2015-05-01 09:54:37.671+0000 INFO  [o.n.k.i.DiagnosticsManager]:  [classpath + loader.0] file:/Users/anuragkapur/tech-stuff/servers/neo4j/neo4j-community-2.2.1/system/lib/jackson-mapper-asl-1.9.13.jar
2015-05-01 09:54:37.671+0000 INFO  [o.n.k.i.DiagnosticsManager]:  [classpath + loader.0] file:/Users/anuragkapur/tech-stuff/servers/neo4j/neo4j-community-2.2.1/system/lib/rrd4j-2.2.jar
2015-05-01 09:54:37.672+0000 INFO  [o.n.k.i.DiagnosticsManager]:  [classpath + loader.0] file:/Users/anuragkapur/tech-stuff/servers/neo4j/neo4j-community-2.2.1/system/lib/jersey-core-1.18.1.jar
2015-05-01 09:54:37.672+0000 INFO  [o.n.k.i.DiagnosticsManager]:  [classpath + loader.0] file:/Users/anuragkapur/tech-stuff/servers/neo4j/neo4j-community-2.2.1/system/lib/jetty-security-9.2.4.v20141103.jar
2015-05-01 09:54:37.672+0000 INFO  [o.n.k.i.DiagnosticsManager]:  [loader.1] file:/Library/Java/JavaVirtualMachines/jdk1.8.0_45.jdk/Contents/Home/jre/lib/ext/nashorn.jar
2015-05-01 09:54:37.672+0000 INFO  [o.n.k.i.DiagnosticsManager]:  [loader.1] file:/System/Library/Java/Extensions/vecmath.jar
2015-05-01 09:54:37.672+0000 INFO  [o.n.k.i.DiagnosticsManager]:  [classpath + loader.0] file:/Users/anuragkapur/tech-stuff/servers/neo4j/neo4j-community-2.2.1/system/lib/jetty-servlet-9.2.4.v20141103.jar
2015-05-01 09:54:37.672+0000 INFO  [o.n.k.i.DiagnosticsManager]:  [loader.1] file:/Library/Java/JavaVirtualMachines/jdk1.8.0_45.jdk/Contents/Home/jre/lib/ext/zipfs.jar
2015-05-01 09:54:37.672+0000 INFO  [o.n.k.i.DiagnosticsManager]:  [classpath + loader.0] file:/Users/anuragkapur/tech-stuff/servers/neo4j/neo4j-community-2.2.1/lib/concurrentlinkedhashmap-lru-1.4.jar
2015-05-01 09:54:37.672+0000 INFO  [o.n.k.i.DiagnosticsManager]:  [classpath + loader.0] file:/Users/anuragkapur/tech-stuff/servers/neo4j/neo4j-community-2.2.1/system/lib/jackson-core-asl-1.9.13.jar
2015-05-01 09:54:37.672+0000 INFO  [o.n.k.i.DiagnosticsManager]:  [classpath + loader.0] file:/Users/anuragkapur/tech-stuff/servers/neo4j/neo4j-community-2.2.1/system/lib/slf4j-api-1.7.7.jar
2015-05-01 09:54:37.672+0000 INFO  [o.n.k.i.DiagnosticsManager]:  [loader.1] file:/System/Library/Java/Extensions/libJ3D.jnilib
2015-05-01 09:54:37.672+0000 INFO  [o.n.k.i.DiagnosticsManager]:  [classpath + loader.0] file:/Users/anuragkapur/tech-stuff/servers/neo4j/neo4j-community-2.2.1/lib/parboiled-core-1.1.7.jar
2015-05-01 09:54:37.672+0000 INFO  [o.n.k.i.DiagnosticsManager]:  [classpath + loader.0] file:/Users/anuragkapur/tech-stuff/servers/neo4j/neo4j-community-2.2.1/lib/neo4j-csv-2.2.1.jar
2015-05-01 09:54:37.672+0000 INFO  [o.n.k.i.DiagnosticsManager]:  [classpath + loader.0] file:/Users/anuragkapur/tech-stuff/servers/neo4j/neo4j-community-2.2.1/lib/org.apache.servicemix.bundles.jline-0.9.94_1.jar
2015-05-01 09:54:37.672+0000 INFO  [o.n.k.i.DiagnosticsManager]:  [classpath + loader.0] file:/Users/anuragkapur/tech-stuff/servers/neo4j/neo4j-community-2.2.1/system/lib/jersey-server-1.18.1.jar
2015-05-01 09:54:37.672+0000 INFO  [o.n.k.i.DiagnosticsManager]:  [classpath + loader.0] file:/Users/anuragkapur/tech-stuff/servers/neo4j/neo4j-community-2.2.1/system/lib/jetty-io-9.2.4.v20141103.jar
2015-05-01 09:54:37.672+0000 INFO  [o.n.k.i.DiagnosticsManager]:  [loader.1] file:/System/Library/Java/Extensions/libAppleScriptEngine.jnilib
2015-05-01 09:54:37.672+0000 INFO  [o.n.k.i.DiagnosticsManager]:  [loader.1] file:/System/Library/Java/Extensions/dns_sd.jar
2015-05-01 09:54:37.672+0000 INFO  [o.n.k.i.DiagnosticsManager]:  [classpath + loader.0] file:/Users/anuragkapur/tech-stuff/servers/neo4j/neo4j-community-2.2.1/system/lib/neo4j-server-2.2.1-static-web.jar
2015-05-01 09:54:37.672+0000 INFO  [o.n.k.i.DiagnosticsManager]:  [loader.1] file:/System/Library/Java/Extensions/MRJToolkit.jar
2015-05-01 09:54:37.672+0000 INFO  [o.n.k.i.DiagnosticsManager]:  [loader.1] file:/Library/Java/JavaVirtualMachines/jdk1.8.0_45.jdk/Contents/Home/jre/lib/ext/localedata.jar
2015-05-01 09:54:37.672+0000 INFO  [o.n.k.i.DiagnosticsManager]:  [classpath + loader.0] file:/Users/anuragkapur/tech-stuff/servers/neo4j/neo4j-community-2.2.1/system/lib/rhino-1.7R4.jar
2015-05-01 09:54:37.672+0000 INFO  [o.n.k.i.DiagnosticsManager]:  [classpath + loader.0] file:/Users/anuragkapur/tech-stuff/servers/neo4j/neo4j-community-2.2.1/system/lib/jetty-webapp-9.2.4.v20141103.jar
2015-05-01 09:54:37.672+0000 INFO  [o.n.k.i.DiagnosticsManager]:  [loader.1] file:/System/Library/Java/Extensions/mlibwrapper_jai.jar
2015-05-01 09:54:37.672+0000 INFO  [o.n.k.i.DiagnosticsManager]:  [classpath + loader.0] file:/Users/anuragkapur/tech-stuff/servers/neo4j/neo4j-community-2.2.1/system/lib/commons-beanutils-1.8.3.jar
2015-05-01 09:54:37.672+0000 INFO  [o.n.k.i.DiagnosticsManager]:  [classpath + loader.0] file:/Users/anuragkapur/tech-stuff/servers/neo4j/neo4j-community-2.2.1/system/lib/javax.servlet-api-3.1.0.jar
2015-05-01 09:54:37.672+0000 INFO  [o.n.k.i.DiagnosticsManager]:  [classpath + loader.0] file:/Users/anuragkapur/tech-stuff/servers/neo4j/neo4j-community-2.2.1/lib/neo4j-udc-2.2.1.jar
2015-05-01 09:54:37.672+0000 INFO  [o.n.k.i.DiagnosticsManager]:  [loader.1] file:/System/Library/Java/Extensions/libJ3DUtils.jnilib
2015-05-01 09:54:37.672+0000 INFO  [o.n.k.i.DiagnosticsManager]:  [bootstrap] /Library/Java/JavaVirtualMachines/jdk1.8.0_45.jdk/Contents/Home/jre/lib/jfr.jar
2015-05-01 09:54:37.673+0000 INFO  [o.n.k.i.DiagnosticsManager]:  [loader.1] file:/System/Library/Java/Extensions/AppleScriptEngine.jar
2015-05-01 09:54:37.673+0000 INFO  [o.n.k.i.DiagnosticsManager]:  [classpath + loader.0] file:/Users/anuragkapur/tech-stuff/servers/neo4j/neo4j-community-2.2.1/system/lib/jackson-jaxrs-1.9.13.jar
2015-05-01 09:54:37.673+0000 INFO  [o.n.k.i.DiagnosticsManager]:  [classpath + loader.0] file:/Users/anuragkapur/tech-stuff/servers/neo4j/neo4j-community-2.2.1/lib/server-api-2.2.1.jar
2015-05-01 09:54:37.673+0000 INFO  [o.n.k.i.DiagnosticsManager]:  [classpath + loader.0] file:/Users/anuragkapur/tech-stuff/servers/neo4j/neo4j-community-2.2.1/system/lib/jetty-http-9.2.4.v20141103.jar
2015-05-01 09:54:37.673+0000 INFO  [o.n.k.i.DiagnosticsManager]:  [loader.1] file:/usr/lib/java/libjdns_sd.jnilib
2015-05-01 09:54:37.673+0000 INFO  [o.n.k.i.DiagnosticsManager]:  [classpath + loader.0] file:/Users/anuragkapur/tech-stuff/servers/neo4j/neo4j-community-2.2.1/lib/neo4j-cypher-2.2.1.jar
2015-05-01 09:54:37.673+0000 INFO  [o.n.k.i.DiagnosticsManager]:  [classpath + loader.0] file:/Users/anuragkapur/tech-stuff/servers/neo4j/neo4j-community-2.2.1/lib/neo4j-graph-algo-2.2.1.jar
2015-05-01 09:54:37.673+0000 INFO  [o.n.k.i.DiagnosticsManager]:  [classpath + loader.0] file:/Users/anuragkapur/tech-stuff/servers/neo4j/neo4j-community-2.2.1/system/lib/jetty-xml-9.2.4.v20141103.jar
2015-05-01 09:54:37.673+0000 INFO  [o.n.k.i.DiagnosticsManager]:  [classpath + loader.0] file:/Users/anuragkapur/tech-stuff/servers/neo4j/neo4j-community-2.2.1/lib/neo4j-primitive-collections-2.2.1.jar
2015-05-01 09:54:37.673+0000 INFO  [o.n.k.i.DiagnosticsManager]:  [classpath + loader.0] file:/Users/anuragkapur/tech-stuff/servers/neo4j/neo4j-community-2.2.1/lib/neo4j-shell-2.2.1.jar
2015-05-01 09:54:37.673+0000 INFO  [o.n.k.i.DiagnosticsManager]:  [bootstrap] /Library/Java/JavaVirtualMachines/jdk1.8.0_45.jdk/Contents/Home/jre/lib/jsse.jar
2015-05-01 09:54:37.673+0000 INFO  [o.n.k.i.DiagnosticsManager]:  [classpath + loader.0] file:/Users/anuragkapur/tech-stuff/servers/neo4j/neo4j-community-2.2.1/system/lib/scala-reflect-2.10.5.jar
2015-05-01 09:54:37.673+0000 INFO  [o.n.k.i.DiagnosticsManager]:  [classpath + loader.0] file:/Users/anuragkapur/tech-stuff/servers/neo4j/neo4j-community-2.2.1/lib/scala-library-2.10.5.jar
2015-05-01 09:54:37.673+0000 INFO  [o.n.k.i.DiagnosticsManager]:  [classpath + loader.0] file:/Users/anuragkapur/tech-stuff/servers/neo4j/neo4j-community-2.2.1/lib/neo4j-io-2.2.1.jar
2015-05-01 09:54:37.673+0000 INFO  [o.n.k.i.DiagnosticsManager]:  [loader.1] file:/System/Library/Java/Extensions/j3dcore.jar
2015-05-01 09:54:37.673+0000 INFO  [o.n.k.i.DiagnosticsManager]:  [classpath + loader.0] file:/Users/anuragkapur/tech-stuff/servers/neo4j/neo4j-community-2.2.1/lib/neo4j-import-tool-2.2.1.jar
2015-05-01 09:54:37.673+0000 INFO  [o.n.k.i.DiagnosticsManager]:  [loader.1] file:/Library/Java/JavaVirtualMachines/jdk1.8.0_45.jdk/Contents/Home/jre/lib/ext/dnsns.jar
2015-05-01 09:54:37.673+0000 INFO  [o.n.k.i.DiagnosticsManager]:  [classpath + loader.0] file:/Users/anuragkapur/tech-stuff/servers/neo4j/neo4j-community-2.2.1/system/lib/neo4j-browser-2.2.1.jar
2015-05-01 09:54:37.673+0000 INFO  [o.n.k.i.DiagnosticsManager]: Library path:
2015-05-01 09:54:37.673+0000 INFO  [o.n.k.i.DiagnosticsManager]: /Users/anuragkapur/Library/Java/Extensions
2015-05-01 09:54:37.673+0000 INFO  [o.n.k.i.DiagnosticsManager]: /Library/Java/Extensions
2015-05-01 09:54:37.673+0000 INFO  [o.n.k.i.DiagnosticsManager]: /Network/Library/Java/Extensions
2015-05-01 09:54:37.674+0000 INFO  [o.n.k.i.DiagnosticsManager]: /System/Library/Java/Extensions
2015-05-01 09:54:37.674+0000 INFO  [o.n.k.i.DiagnosticsManager]: /usr/lib/java
2015-05-01 09:54:37.674+0000 INFO  [o.n.k.i.DiagnosticsManager]: /Users/anuragkapur/tech-stuff/servers/neo4j/neo4j-community-2.2.1
2015-05-01 09:54:37.674+0000 INFO  [o.n.k.i.DiagnosticsManager]: System.properties:
2015-05-01 09:54:37.674+0000 INFO  [o.n.k.i.DiagnosticsManager]: sun.boot.library.path = /Library/Java/JavaVirtualMachines/jdk1.8.0_45.jdk/Contents/Home/jre/lib
2015-05-01 09:54:37.674+0000 INFO  [o.n.k.i.DiagnosticsManager]: user.country.format = GB
2015-05-01 09:54:37.674+0000 INFO  [o.n.k.i.DiagnosticsManager]: org.neo4j.server.properties = conf/neo4j-server.properties
2015-05-01 09:54:37.674+0000 INFO  [o.n.k.i.DiagnosticsManager]: gopherProxySet = false
2015-05-01 09:54:37.674+0000 INFO  [o.n.k.i.DiagnosticsManager]: path.separator = :
2015-05-01 09:54:37.675+0000 INFO  [o.n.k.i.DiagnosticsManager]: file.encoding.pkg = sun.io
2015-05-01 09:54:37.675+0000 INFO  [o.n.k.i.DiagnosticsManager]: user.country = US
2015-05-01 09:54:37.675+0000 INFO  [o.n.k.i.DiagnosticsManager]: sun.java.launcher = SUN_STANDARD
2015-05-01 09:54:37.675+0000 INFO  [o.n.k.i.DiagnosticsManager]: sun.os.patch.level = unknown
2015-05-01 09:54:37.675+0000 INFO  [o.n.k.i.DiagnosticsManager]: user.dir = /Users/anuragkapur/tech-stuff/servers/neo4j/neo4j-community-2.2.1
2015-05-01 09:54:37.675+0000 INFO  [o.n.k.i.DiagnosticsManager]: neo4j.ext.udc.source = tarball
2015-05-01 09:54:37.675+0000 INFO  [o.n.k.i.DiagnosticsManager]: log4j.configuration = file:conf/log4j.properties
2015-05-01 09:54:37.675+0000 INFO  [o.n.k.i.DiagnosticsManager]: sun.jnu.encoding = UTF-8
2015-05-01 09:54:37.675+0000 INFO  [o.n.k.i.DiagnosticsManager]: sun.management.compiler = HotSpot 64-Bit Tiered Compilers
2015-05-01 09:54:37.675+0000 INFO  [o.n.k.i.DiagnosticsManager]: http.nonProxyHosts = local|*.local|169.254/16|*.169.254/16|localhost|*.localhost
2015-05-01 09:54:37.675+0000 INFO  [o.n.k.i.DiagnosticsManager]: user.home = /Users/anuragkapur
2015-05-01 09:54:37.675+0000 INFO  [o.n.k.i.DiagnosticsManager]: user.timezone = Europe/London
2015-05-01 09:54:37.675+0000 INFO  [o.n.k.i.DiagnosticsManager]: file.encoding = UTF-8
2015-05-01 09:54:37.675+0000 INFO  [o.n.k.i.DiagnosticsManager]: user.name = anuragkapur
2015-05-01 09:54:37.675+0000 INFO  [o.n.k.i.DiagnosticsManager]: sun.java.command = org.neo4j.server.Bootstrapper
2015-05-01 09:54:37.675+0000 INFO  [o.n.k.i.DiagnosticsManager]: sun.arch.data.model = 64
2015-05-01 09:54:37.675+0000 INFO  [o.n.k.i.DiagnosticsManager]: user.language = en
2015-05-01 09:54:37.675+0000 INFO  [o.n.k.i.DiagnosticsManager]: awt.toolkit = sun.lwawt.macosx.LWCToolkit
2015-05-01 09:54:37.675+0000 INFO  [o.n.k.i.DiagnosticsManager]: file.separator = /
2015-05-01 09:54:37.675+0000 INFO  [o.n.k.i.DiagnosticsManager]: sun.io.unicode.encoding = UnicodeBig
2015-05-01 09:54:37.675+0000 INFO  [o.n.k.i.DiagnosticsManager]: sun.cpu.endian = little
2015-05-01 09:54:37.675+0000 INFO  [o.n.k.i.DiagnosticsManager]: socksNonProxyHosts = local|*.local|169.254/16|*.169.254/16|localhost|*.localhost
2015-05-01 09:54:37.675+0000 INFO  [o.n.k.i.DiagnosticsManager]: neo4j.instance = /Users/anuragkapur/tech-stuff/servers/neo4j/neo4j-community-2.2.1
2015-05-01 09:54:37.675+0000 INFO  [o.n.k.i.DiagnosticsManager]: ftp.nonProxyHosts = local|*.local|169.254/16|*.169.254/16|localhost|*.localhost
2015-05-01 09:54:37.675+0000 INFO  [o.n.k.i.DiagnosticsManager]: neo4j.home = /Users/anuragkapur/tech-stuff/servers/neo4j/neo4j-community-2.2.1
2015-05-01 09:54:37.675+0000 INFO  [o.n.k.i.DiagnosticsManager]: sun.cpu.isalist = 
2015-05-01 09:54:37.675+0000 INFO  [o.n.k.i.DiagnosticsManager]: Network information:
2015-05-01 09:54:37.679+0000 INFO  [o.n.k.i.DiagnosticsManager]: Interface utun0:
2015-05-01 09:54:37.680+0000 INFO  [o.n.k.i.DiagnosticsManager]:     address: fdb9:489f:13a0:37e2:ad7b:3920:5f21:e6b2
2015-05-01 09:54:37.680+0000 INFO  [o.n.k.i.DiagnosticsManager]:     address: fe80:0:0:0:ad7b:3920:5f21:e6b2%utun0
2015-05-01 09:54:37.680+0000 INFO  [o.n.k.i.DiagnosticsManager]: Interface awdl0:
2015-05-01 09:54:37.680+0000 INFO  [o.n.k.i.DiagnosticsManager]:     address: fe80:0:0:0:c467:4eff:fea7:5c2b%awdl0
2015-05-01 09:54:37.680+0000 INFO  [o.n.k.i.DiagnosticsManager]: Interface en0:
2015-05-01 09:54:37.680+0000 INFO  [o.n.k.i.DiagnosticsManager]:     address: fe80:0:0:0:3636:3bff:fecb:7e28%en0
2015-05-01 09:54:37.680+0000 INFO  [o.n.k.i.DiagnosticsManager]:     address: 10.113.192.187
2015-05-01 09:54:37.681+0000 INFO  [o.n.k.i.DiagnosticsManager]: Interface lo0:
2015-05-01 09:54:37.681+0000 INFO  [o.n.k.i.DiagnosticsManager]:     address: fe80:0:0:0:0:0:0:1%lo0
2015-05-01 09:54:37.681+0000 INFO  [o.n.k.i.DiagnosticsManager]:     address: 0:0:0:0:0:0:0:1
2015-05-01 09:54:37.681+0000 INFO  [o.n.k.i.DiagnosticsManager]:     address: 127.0.0.1
2015-05-01 09:54:37.681+0000 INFO  [o.n.k.i.DiagnosticsManager]: --- INITIALIZED diagnostics END ---
2015-05-01 09:54:37.846+0000 INFO  [o.n.k.i.s.StoreFactory]: Creating new db @ /Users/anuragkapur/tech-stuff/servers/neo4j/neo4j-community-2.2.1/data/graph.db/neostore
2015-05-01 09:54:38.034+0000 INFO  [o.n.k.a.i.i.LuceneLabelScanStore]: No lucene scan store index found, this might just be first use. Preparing to rebuild.
2015-05-01 09:54:38.057+0000 INFO  [o.n.k.a.i.i.LuceneLabelScanStore]: No lucene scan store index found, this might just be first use. Preparing to rebuild.
2015-05-01 09:54:38.113+0000 INFO  [o.n.k.NeoStoreDataSource]: Opened logical log [/Users/anuragkapur/tech-stuff/servers/neo4j/neo4j-community-2.2.1/data/graph.db/neostore.transaction.db.0] version=0, lastTxId=1 (clean)
2015-05-01 09:54:38.117+0000 WARN  [o.n.k.i.s.StoreFactory]: Missing counts store, rebuilding it.
2015-05-01 09:54:38.204+0000 INFO  [o.n.k.a.i.i.LuceneLabelScanStore]: Rebuilding lucene scan store, this may take a while
2015-05-01 09:54:38.206+0000 INFO  [o.n.k.a.i.i.LuceneLabelScanStore]: Lucene scan store rebuilt (roughly -1 nodes)
2015-05-01 09:54:38.210+0000 INFO  [o.n.k.KernelHealth]: Kernel health set to OK
2015-05-01 09:54:38.730+0000 INFO  [o.n.k.i.DiagnosticsManager]: --- STARTED diagnostics for KernelDiagnostics:Versions START ---
2015-05-01 09:54:38.730+0000 INFO  [o.n.k.i.DiagnosticsManager]: Graph Database: org.neo4j.kernel.EmbeddedGraphDatabase StoreId{creationTime=1430474077845, randomId=2025843677671612868, storeVersion=14969031248344582, upgradeTime=1430474077845, upgradeId=1}
2015-05-01 09:54:38.730+0000 INFO  [o.n.k.i.DiagnosticsManager]: Kernel version: Neo4j - Graph Database Kernel (neo4j-kernel), version: 2.2.1
2015-05-01 09:54:38.730+0000 INFO  [o.n.k.i.DiagnosticsManager]: Neo4j component versions:
2015-05-01 09:54:38.734+0000 INFO  [o.n.k.i.DiagnosticsManager]:   Neo4j - Cypher Compiler 1.9 (neo4j-cypher-compiler-1.9), version: 2.0.4; revision: 2.0.4:2.0-maint:130/4a7d10bc274a5d26a180bbe9df25100e8a694748
2015-05-01 09:54:38.734+0000 INFO  [o.n.k.i.DiagnosticsManager]:   Neo4j - Consistency Checker (neo4j-consistency-check), version: 2.2.1; revision: 2.2.1:2.2:904/c23258e99edbfff137bea0d83af56c79a46bca31
2015-05-01 09:54:38.734+0000 INFO  [o.n.k.i.DiagnosticsManager]:   Neo4j - Cypher Compiler 2.2 (neo4j-cypher-compiler-2.2), version: 2.2.1; revision: 2.2.1:2.2:904/c23258e99edbfff137bea0d83af56c79a46bca31
2015-05-01 09:54:38.734+0000 INFO  [o.n.k.i.DiagnosticsManager]:   Neo4j - Import Command Line Tool (neo4j-import-tool), version: 2.2.1; revision: 2.2.1:2.2:904/c23258e99edbfff137bea0d83af56c79a46bca31
2015-05-01 09:54:38.734+0000 INFO  [o.n.k.i.DiagnosticsManager]:   Neo4j - Server API (server-api), version: 2.2.1; revision: 2.2.1:2.2:904/c23258e99edbfff137bea0d83af56c79a46bca31
2015-05-01 09:54:38.734+0000 INFO  [o.n.k.i.DiagnosticsManager]:   Neo4j - Graph Database Kernel (neo4j-kernel), version: 2.2.1; revision: 2.2.1:2.2:904/c23258e99edbfff137bea0d83af56c79a46bca31
2015-05-01 09:54:38.734+0000 INFO  [o.n.k.i.DiagnosticsManager]:   Neo4j - Cypher Compiler 2.1 (neo4j-cypher-compiler-2.1), version: 2.1.7; revision: 2.1.7:2.1-maint:649/ed233fc1087f4549d1956b8ec4a504fe2f13a446
2015-05-01 09:54:38.734+0000 INFO  [o.n.k.i.DiagnosticsManager]:   Neo4j - Generic shell (neo4j-shell), version: 2.2.1; revision: 2.2.1:2.2:904/c23258e99edbfff137bea0d83af56c79a46bca31
2015-05-01 09:54:38.734+0000 INFO  [o.n.k.i.DiagnosticsManager]:   neo4j-udc, version: 2.2.1; revision: 2.2.1:2.2:904/c23258e99edbfff137bea0d83af56c79a46bca31
2015-05-01 09:54:38.734+0000 INFO  [o.n.k.i.DiagnosticsManager]:   Neo4j - Lucene Index (neo4j-lucene-index), version: 2.2.1; revision: 2.2.1:2.2:904/c23258e99edbfff137bea0d83af56c79a46bca31
2015-05-01 09:54:38.734+0000 INFO  [o.n.k.i.DiagnosticsManager]:   Neo4j - Server (neo4j-server), version: 2.2.1; revision: 2.2.1:2.2:904/c23258e99edbfff137bea0d83af56c79a46bca31
2015-05-01 09:54:38.735+0000 INFO  [o.n.k.i.DiagnosticsManager]:   Neo4j - Cypher Compiler 2.0 (neo4j-cypher-compiler-2.0), version: 2.0.4; revision: 2.0.4:2.0-maint:130/4a7d10bc274a5d26a180bbe9df25100e8a694748
2015-05-01 09:54:38.735+0000 INFO  [o.n.k.i.DiagnosticsManager]:   Neo4j - Graph Matching (neo4j-graph-matching), version: 2.2.1; revision: 2.2.1:2.2:904/c23258e99edbfff137bea0d83af56c79a46bca31
2015-05-01 09:54:38.735+0000 INFO  [o.n.k.i.DiagnosticsManager]:   Neo4j - JMX support (neo4j-jmx), version: 2.2.1; revision: 2.2.1:2.2:904/c23258e99edbfff137bea0d83af56c79a46bca31
2015-05-01 09:54:38.735+0000 INFO  [o.n.k.i.DiagnosticsManager]:   Neo4j - Cypher (neo4j-cypher), version: 2.2.1; revision: 2.2.1:2.2:904/c23258e99edbfff137bea0d83af56c79a46bca31
2015-05-01 09:54:38.735+0000 INFO  [o.n.k.i.DiagnosticsManager]:   Neo4j - Graph Algorithms (neo4j-graph-algo), version: 2.2.1; revision: 2.2.1:2.2:904/c23258e99edbfff137bea0d83af56c79a46bca31
2015-05-01 09:54:38.735+0000 INFO  [o.n.k.i.DiagnosticsManager]: --- STARTED diagnostics for KernelDiagnostics:Versions END ---
2015-05-01 09:54:38.736+0000 INFO  [o.n.k.i.DiagnosticsManager]: --- STARTED diagnostics for NEO_STORE_VERSIONS START ---
2015-05-01 09:54:38.736+0000 INFO  [o.n.k.i.DiagnosticsManager]: Store versions:
2015-05-01 09:54:38.736+0000 INFO  [o.n.k.i.DiagnosticsManager]: Store versions:
2015-05-01 09:54:38.736+0000 INFO  [o.n.k.i.DiagnosticsManager]:   NeoStore v0.A.5
2015-05-01 09:54:38.736+0000 INFO  [o.n.k.i.DiagnosticsManager]:   SchemaStore v0.A.5
2015-05-01 09:54:38.737+0000 INFO  [o.n.k.i.DiagnosticsManager]:   NodeStore v0.A.5
2015-05-01 09:54:38.737+0000 INFO  [o.n.k.i.DiagnosticsManager]:   RelationshipStore v0.A.5
2015-05-01 09:54:38.737+0000 INFO  [o.n.k.i.DiagnosticsManager]:   RelationshipTypeStore v0.A.5
2015-05-01 09:54:38.737+0000 INFO  [o.n.k.i.DiagnosticsManager]:   LabelTokenStore v0.A.5
2015-05-01 09:54:38.737+0000 INFO  [o.n.k.i.DiagnosticsManager]:   PropertyStore v0.A.5
2015-05-01 09:54:38.737+0000 INFO  [o.n.k.i.DiagnosticsManager]:   PropertyIndexStore v0.A.5
2015-05-01 09:54:38.737+0000 INFO  [o.n.k.i.DiagnosticsManager]:   StringPropertyStore v0.A.5
2015-05-01 09:54:38.737+0000 INFO  [o.n.k.i.DiagnosticsManager]:   ArrayPropertyStore v0.A.5
2015-05-01 09:54:38.737+0000 INFO  [o.n.k.i.DiagnosticsManager]:   RelationshipGroupStore v0.A.5
2015-05-01 09:54:38.737+0000 INFO  [o.n.k.i.DiagnosticsManager]: --- STARTED diagnostics for NEO_STORE_VERSIONS END ---
2015-05-01 09:54:38.737+0000 INFO  [o.n.k.i.DiagnosticsManager]: --- STARTED diagnostics for NEO_STORE_ID_USAGE START ---
2015-05-01 09:54:38.737+0000 INFO  [o.n.k.i.DiagnosticsManager]: Id usage:
2015-05-01 09:54:38.737+0000 INFO  [o.n.k.i.DiagnosticsManager]: Id usage:
2015-05-01 09:54:38.737+0000 INFO  [o.n.k.i.DiagnosticsManager]:   SchemaStore: used=1 high=0
2015-05-01 09:54:38.737+0000 INFO  [o.n.k.i.DiagnosticsManager]:   NodeStore: used=0 high=-1
2015-05-01 09:54:38.737+0000 INFO  [o.n.k.i.DiagnosticsManager]:   RelationshipStore: used=0 high=-1
2015-05-01 09:54:38.737+0000 INFO  [o.n.k.i.DiagnosticsManager]:   RelationshipTypeStore: used=0 high=-1
2015-05-01 09:54:38.738+0000 INFO  [o.n.k.i.DiagnosticsManager]:   LabelTokenStore: used=0 high=-1
2015-05-01 09:54:38.738+0000 INFO  [o.n.k.i.DiagnosticsManager]:   PropertyStore: used=0 high=-1
2015-05-01 09:54:38.738+0000 INFO  [o.n.k.i.DiagnosticsManager]:   PropertyIndexStore: used=0 high=-1
2015-05-01 09:54:38.738+0000 INFO  [o.n.k.i.DiagnosticsManager]:   StringPropertyStore: used=1 high=0
2015-05-01 09:54:38.738+0000 INFO  [o.n.k.i.DiagnosticsManager]:   ArrayPropertyStore: used=1 high=0
2015-05-01 09:54:38.738+0000 INFO  [o.n.k.i.DiagnosticsManager]:   RelationshipGroupStore: used=1 high=0
2015-05-01 09:54:38.738+0000 INFO  [o.n.k.i.DiagnosticsManager]: --- STARTED diagnostics for NEO_STORE_ID_USAGE END ---
2015-05-01 09:54:38.739+0000 INFO  [o.n.k.i.DiagnosticsManager]: --- STARTED diagnostics for KernelDiagnostics:StoreFiles START ---
2015-05-01 09:54:38.739+0000 INFO  [o.n.k.i.DiagnosticsManager]: Disk space on partition (Total / Free / Free %): 249769230336 / 32232189952 / 12
Storage files: (filename : modification date - size)
2015-05-01 09:54:38.740+0000 INFO  [o.n.k.i.DiagnosticsManager]:   index:
2015-05-01 09:54:38.743+0000 INFO  [o.n.k.i.DiagnosticsManager]:   - Total: 2015-05-01T10:54:37+0100 - 0.00 B
2015-05-01 09:54:38.743+0000 INFO  [o.n.k.i.DiagnosticsManager]:   lock: 2015-05-01T10:54:37+0100 - 0.00 B
2015-05-01 09:54:38.743+0000 INFO  [o.n.k.i.DiagnosticsManager]:   messages.log: 2015-05-01T10:54:38+0100 - 36.56 kB
2015-05-01 09:54:38.744+0000 INFO  [o.n.k.i.DiagnosticsManager]:   neostore: 2015-05-01T10:54:37+0100 - 99.00 B
2015-05-01 09:54:38.745+0000 INFO  [o.n.k.i.DiagnosticsManager]:   neostore.counts.db.a: 2015-05-01T10:54:38+0100 - 114.00 B
2015-05-01 09:54:38.745+0000 INFO  [o.n.k.i.DiagnosticsManager]:   neostore.id: 2015-05-01T10:54:37+0100 - 9.00 B
2015-05-01 09:54:38.745+0000 INFO  [o.n.k.i.DiagnosticsManager]:   neostore.labeltokenstore.db: 2015-05-01T10:54:37+0100 - 0.00 B
2015-05-01 09:54:38.746+0000 INFO  [o.n.k.i.DiagnosticsManager]:   neostore.labeltokenstore.db.id: 2015-05-01T10:54:37+0100 - 9.00 B
2015-05-01 09:54:38.746+0000 INFO  [o.n.k.i.DiagnosticsManager]:   neostore.labeltokenstore.db.names: 2015-05-01T10:54:37+0100 - 38.00 B
2015-05-01 09:54:38.746+0000 INFO  [o.n.k.i.DiagnosticsManager]:   neostore.labeltokenstore.db.names.id: 2015-05-01T10:54:37+0100 - 9.00 B
2015-05-01 09:54:38.746+0000 INFO  [o.n.k.i.DiagnosticsManager]:   neostore.nodestore.db: 2015-05-01T10:54:37+0100 - 0.00 B
2015-05-01 09:54:38.746+0000 INFO  [o.n.k.i.DiagnosticsManager]:   neostore.nodestore.db.id: 2015-05-01T10:54:37+0100 - 9.00 B
2015-05-01 09:54:38.747+0000 INFO  [o.n.k.i.DiagnosticsManager]:   neostore.nodestore.db.labels: 2015-05-01T10:54:37+0100 - 68.00 B
2015-05-01 09:54:38.747+0000 INFO  [o.n.k.i.DiagnosticsManager]:   neostore.nodestore.db.labels.id: 2015-05-01T10:54:37+0100 - 9.00 B
2015-05-01 09:54:38.747+0000 INFO  [o.n.k.i.DiagnosticsManager]:   neostore.propertystore.db: 2015-05-01T10:54:37+0100 - 0.00 B
2015-05-01 09:54:38.747+0000 INFO  [o.n.k.i.DiagnosticsManager]:   neostore.propertystore.db.arrays: 2015-05-01T10:54:37+0100 - 128.00 B
2015-05-01 09:54:38.747+0000 INFO  [o.n.k.i.DiagnosticsManager]:   neostore.propertystore.db.arrays.id: 2015-05-01T10:54:37+0100 - 9.00 B
2015-05-01 09:54:38.748+0000 INFO  [o.n.k.i.DiagnosticsManager]:   neostore.propertystore.db.id: 2015-05-01T10:54:37+0100 - 9.00 B
2015-05-01 09:54:38.748+0000 INFO  [o.n.k.i.DiagnosticsManager]:   neostore.propertystore.db.index: 2015-05-01T10:54:37+0100 - 0.00 B
2015-05-01 09:54:38.748+0000 INFO  [o.n.k.i.DiagnosticsManager]:   neostore.propertystore.db.index.id: 2015-05-01T10:54:37+0100 - 9.00 B
2015-05-01 09:54:38.748+0000 INFO  [o.n.k.i.DiagnosticsManager]:   neostore.propertystore.db.index.keys: 2015-05-01T10:54:37+0100 - 38.00 B
2015-05-01 09:54:38.749+0000 INFO  [o.n.k.i.DiagnosticsManager]:   neostore.propertystore.db.index.keys.id: 2015-05-01T10:54:37+0100 - 9.00 B
2015-05-01 09:54:38.749+0000 INFO  [o.n.k.i.DiagnosticsManager]:   neostore.propertystore.db.strings: 2015-05-01T10:54:37+0100 - 128.00 B
2015-05-01 09:54:38.749+0000 INFO  [o.n.k.i.DiagnosticsManager]:   neostore.propertystore.db.strings.id: 2015-05-01T10:54:37+0100 - 9.00 B
2015-05-01 09:54:38.749+0000 INFO  [o.n.k.i.DiagnosticsManager]:   neostore.relationshipgroupstore.db: 2015-05-01T10:54:37+0100 - 25.00 B
2015-05-01 09:54:38.749+0000 INFO  [o.n.k.i.DiagnosticsManager]:   neostore.relationshipgroupstore.db.id: 2015-05-01T10:54:37+0100 - 9.00 B
2015-05-01 09:54:38.750+0000 INFO  [o.n.k.i.DiagnosticsManager]:   neostore.relationshipstore.db: 2015-05-01T10:54:37+0100 - 0.00 B
2015-05-01 09:54:38.750+0000 INFO  [o.n.k.i.DiagnosticsManager]:   neostore.relationshipstore.db.id: 2015-05-01T10:54:37+0100 - 9.00 B
2015-05-01 09:54:38.750+0000 INFO  [o.n.k.i.DiagnosticsManager]:   neostore.relationshiptypestore.db: 2015-05-01T10:54:37+0100 - 0.00 B
2015-05-01 09:54:38.750+0000 INFO  [o.n.k.i.DiagnosticsManager]:   neostore.relationshiptypestore.db.id: 2015-05-01T10:54:37+0100 - 9.00 B
2015-05-01 09:54:38.751+0000 INFO  [o.n.k.i.DiagnosticsManager]:   neostore.relationshiptypestore.db.names: 2015-05-01T10:54:37+0100 - 38.00 B
2015-05-01 09:54:38.751+0000 INFO  [o.n.k.i.DiagnosticsManager]:   neostore.relationshiptypestore.db.names.id: 2015-05-01T10:54:37+0100 - 9.00 B
2015-05-01 09:54:38.751+0000 INFO  [o.n.k.i.DiagnosticsManager]:   neostore.schemastore.db: 2015-05-01T10:54:37+0100 - 64.00 B
2015-05-01 09:54:38.751+0000 INFO  [o.n.k.i.DiagnosticsManager]:   neostore.schemastore.db.id: 2015-05-01T10:54:37+0100 - 9.00 B
2015-05-01 09:54:38.751+0000 INFO  [o.n.k.i.DiagnosticsManager]:   neostore.transaction.db.0: 2015-05-01T10:54:38+0100 - 16.00 B
2015-05-01 09:54:38.752+0000 INFO  [o.n.k.i.DiagnosticsManager]:   schema:
2015-05-01 09:54:38.752+0000 INFO  [o.n.k.i.DiagnosticsManager]:     label:
2015-05-01 09:54:38.752+0000 INFO  [o.n.k.i.DiagnosticsManager]:       lucene:
2015-05-01 09:54:38.752+0000 INFO  [o.n.k.i.DiagnosticsManager]:         write.lock: 2015-05-01T10:54:38+0100 - 0.00 B
2015-05-01 09:54:38.752+0000 INFO  [o.n.k.i.DiagnosticsManager]:       - Total: 2015-05-01T10:54:38+0100 - 0.00 B
2015-05-01 09:54:38.753+0000 INFO  [o.n.k.i.DiagnosticsManager]:     - Total: 2015-05-01T10:54:38+0100 - 0.00 B
2015-05-01 09:54:38.753+0000 INFO  [o.n.k.i.DiagnosticsManager]:   - Total: 2015-05-01T10:54:38+0100 - 0.00 B
2015-05-01 09:54:38.753+0000 INFO  [o.n.k.i.DiagnosticsManager]:   store_lock: 2015-05-01T10:54:37+0100 - 0.00 B
2015-05-01 09:54:38.753+0000 INFO  [o.n.k.i.DiagnosticsManager]: --- STARTED diagnostics for KernelDiagnostics:StoreFiles END ---
2015-05-01 09:54:38.792+0000 INFO  [o.n.k.EmbeddedGraphDatabase]: Database is now ready
2015-05-01 09:54:38.792+0000 INFO  [o.n.s.d.LifecycleManagingDatabase]: Successfully started database
2015-05-01 09:54:38.807+0000 INFO  [o.n.k.i.DiagnosticsManager]: --- SERVER STARTED START ---
2015-05-01 09:54:38.887+0000 INFO  [o.n.s.CommunityNeoServer]: Starting HTTP on port :7474 with 4 threads available
2015-05-01 09:54:39.118+0000 INFO  [o.n.s.CommunityNeoServer]: Enabling HTTPS on port :7473
2015-05-01 09:54:39.118+0000 INFO  [o.n.s.CommunityNeoServer]: No SSL certificate found, generating a self-signed certificate..
2015-05-01 09:54:39.514+0000 INFO  [o.n.s.w.Jetty9WebServer]: Mounting static content at [/webadmin] from [webadmin-html]
2015-05-01 09:54:39.555+0000 INFO  [o.n.s.w.Jetty9WebServer]: Mounting static content at [/browser] from [browser]
2015-05-01 09:54:40.617+0000 INFO  [o.n.s.CommunityNeoServer]: Server started on: http://localhost:7474/
2015-05-01 09:54:40.617+0000 INFO  [o.n.s.CommunityNeoServer]: Remote interface ready and available at [http://localhost:7474/]
2015-05-01 09:54:40.617+0000 INFO  [o.n.k.i.DiagnosticsManager]: --- SERVER STARTED END ---
2015-05-01 09:56:23.865+0000 INFO  [o.n.s.CommunityBootstrapper]: Neo4j Server shutdown initiated by request
2015-05-01 09:56:23.882+0000 INFO  [o.n.s.CommunityNeoServer]: Successfully shutdown Neo4j Server.
2015-05-01 09:56:23.883+0000 INFO  [o.n.k.EmbeddedGraphDatabase]: Shutdown started
2015-05-01 09:56:23.883+0000 INFO  [o.n.k.EmbeddedGraphDatabase]: Database is now unavailable
2015-05-01 09:56:23.903+0000 INFO  [o.n.k.NeoStoreDataSource]: NeoStore closed
2015-05-01 09:56:23.904+0000 INFO  [o.n.k.i.DiagnosticsManager]: --- STOPPING diagnostics START ---
2015-05-01 09:56:23.904+0000 INFO  [o.n.k.i.DiagnosticsManager]: --- STOPPING diagnostics END ---
2015-05-01 09:56:23.912+0000 INFO  [o.n.s.d.LifecycleManagingDatabase]: Successfully stopped database
2015-05-01 09:56:23.912+0000 INFO  [o.n.s.CommunityNeoServer]: Successfully shutdown database.
