2015-05-01 09:54:37.220+0000 INFO  [API] Setting startup timeout to: 120000ms based on 120000
2015-05-01 09:54:38.792+0000 INFO  [API] Successfully started database
2015-05-01 09:54:38.887+0000 INFO  [API] Starting HTTP on port :7474 with 4 threads available
2015-05-01 09:54:39.118+0000 INFO  [API] Enabling HTTPS on port :7473
2015-05-01 09:54:39.118+0000 INFO  [API] No SSL certificate found, generating a self-signed certificate..
10:54:39.461 [main] INFO  org.eclipse.jetty.util.log - Logging initialized @3060ms
2015-05-01 09:54:39.514+0000 INFO  [API] Mounting static content at [/webadmin] from [webadmin-html]
2015-05-01 09:54:39.555+0000 INFO  [API] Mounting static content at [/browser] from [browser]
10:54:39.558 [main] INFO  org.eclipse.jetty.server.Server - jetty-9.2.4.v20141103
10:54:39.574 [main] INFO  o.e.j.server.handler.ContextHandler - Started o.e.j.s.h.MovedContextHandler@9391e0c{/,null,AVAILABLE}
10:54:39.674 [main] INFO  o.e.j.w.StandardDescriptorProcessor - NO JSP Support for /webadmin, did not find org.apache.jasper.servlet.JspServlet
10:54:39.693 [main] INFO  o.e.j.server.handler.ContextHandler - Started o.e.j.w.WebAppContext@7cc6cb1e{/webadmin,jar:file:/Users/anuragkapur/tech-stuff/servers/neo4j/neo4j-community-2.2.1/system/lib/neo4j-server-2.2.1-static-web.jar!/webadmin-html,AVAILABLE}
10:54:40.072 [main] INFO  o.e.j.server.handler.ContextHandler - Started o.e.j.s.ServletContextHandler@4245f6d9{/db/manage,null,AVAILABLE}
10:54:40.245 [main] INFO  o.e.j.server.handler.ContextHandler - Started o.e.j.s.ServletContextHandler@2f459ca1{/db/data,null,AVAILABLE}
10:54:40.260 [main] INFO  o.e.j.w.StandardDescriptorProcessor - NO JSP Support for /browser, did not find org.apache.jasper.servlet.JspServlet
10:54:40.261 [main] INFO  o.e.j.server.handler.ContextHandler - Started o.e.j.w.WebAppContext@53369b4b{/browser,jar:file:/Users/anuragkapur/tech-stuff/servers/neo4j/neo4j-community-2.2.1/system/lib/neo4j-browser-2.2.1.jar!/browser,AVAILABLE}
10:54:40.388 [main] INFO  o.e.j.server.handler.ContextHandler - Started o.e.j.s.ServletContextHandler@27657d4a{/,null,AVAILABLE}
10:54:40.419 [main] INFO  o.e.jetty.server.ServerConnector - Started ServerConnector@5590b1bd{HTTP/1.1}{localhost:7474}
10:54:40.617 [main] INFO  o.e.jetty.server.ServerConnector - Started ServerConnector@1d0cc854{SSL-HTTP/1.1}{localhost:7473}
10:54:40.617 [main] INFO  org.eclipse.jetty.server.Server - Started @4222ms
2015-05-01 09:54:40.617+0000 INFO  [API] Server started on: http://localhost:7474/
2015-05-01 09:54:40.617+0000 INFO  [API] Remote interface ready and available at [http://localhost:7474/]
2015-05-01 09:56:23.865+0000 INFO  [API] Neo4j Server shutdown initiated by request
10:56:23.870 [Thread-13] INFO  o.e.jetty.server.ServerConnector - Stopped ServerConnector@5590b1bd{HTTP/1.1}{localhost:7474}
10:56:23.870 [Thread-13] INFO  o.e.jetty.server.ServerConnector - Stopped ServerConnector@1d0cc854{SSL-HTTP/1.1}{localhost:7473}
10:56:23.873 [Thread-13] INFO  o.e.j.server.handler.ContextHandler - Stopped o.e.j.s.ServletContextHandler@27657d4a{/,null,UNAVAILABLE}
10:56:23.875 [Thread-13] INFO  o.e.j.server.handler.ContextHandler - Stopped o.e.j.w.WebAppContext@53369b4b{/browser,jar:file:/Users/anuragkapur/tech-stuff/servers/neo4j/neo4j-community-2.2.1/system/lib/neo4j-browser-2.2.1.jar!/browser,UNAVAILABLE}
10:56:23.875 [Thread-13] INFO  o.e.j.server.handler.ContextHandler - Stopped o.e.j.s.ServletContextHandler@2f459ca1{/db/data,null,UNAVAILABLE}
10:56:23.875 [Thread-13] INFO  o.e.j.server.handler.ContextHandler - Stopped o.e.j.s.ServletContextHandler@4245f6d9{/db/manage,null,UNAVAILABLE}
10:56:23.876 [Thread-13] INFO  o.e.j.server.handler.ContextHandler - Stopped o.e.j.w.WebAppContext@7cc6cb1e{/webadmin,jar:file:/Users/anuragkapur/tech-stuff/servers/neo4j/neo4j-community-2.2.1/system/lib/neo4j-server-2.2.1-static-web.jar!/webadmin-html,UNAVAILABLE}
10:56:23.876 [Thread-13] INFO  o.e.j.server.handler.ContextHandler - Stopped o.e.j.s.h.MovedContextHandler@9391e0c{/,null,UNAVAILABLE}
2015-05-01 09:56:23.882+0000 INFO  [API] Successfully shutdown Neo4j Server.
2015-05-01 09:56:23.912+0000 INFO  [API] Successfully stopped database
2015-05-01 09:56:23.912+0000 INFO  [API] Successfully shutdown database.
